2024-09-29 11:02:30,664 P3369 INFO FuxiCTR version: 2.3.2
2024-09-29 11:02:30,664 P3369 INFO Params: {
    "batch_norm": "False",
    "batch_size": "128",
    "bottom_hidden_units": "[512, 256, 128]",
    "data_format": "csv",
    "data_root": "../data/",
    "dataset_id": "tiny_mtl",
    "debug_mode": "False",
    "early_stop_patience": "2",
    "embedding_dim": "128",
    "embedding_regularizer": "1e-06",
    "epochs": "50",
    "eval_steps": "None",
    "feature_cols": "[{'name': ['categorical_1', 'categorical_2', 'categorical_3', 'categorical_4', 'categorical_5', 'categorical_6', 'categorical_7', 'categorical_8', 'categorical_9', 'categorical_10', 'categorical_11', 'categorical_12', 'categorical_13', 'categorical_14', 'categorical_15', 'categorical_16'], 'active': True, 'dtype': 'str', 'type': 'categorical'}, {'name': ['numerical_1', 'numerical_2', 'numerical_3', 'numerical_4', 'numerical_5', 'numerical_6', 'numerical_7', 'numerical_8', 'numerical_9', 'numerical_10', 'numerical_11', 'numerical_12', 'numerical_13', 'numerical_14', 'numerical_15', 'numerical_16', 'numerical_17', 'numerical_18', 'numerical_19', 'numerical_20', 'numerical_21', 'numerical_22', 'numerical_23', 'numerical_24', 'numerical_25', 'numerical_26', 'numerical_27', 'numerical_28', 'numerical_29', 'numerical_30', 'numerical_31', 'numerical_32', 'numerical_33', 'numerical_34', 'numerical_35', 'numerical_36', 'numerical_37', 'numerical_38', 'numerical_39', 'numerical_40', 'numerical_41', 'numerical_42', 'numerical_43', 'numerical_44', 'numerical_45', 'numerical_46', 'numerical_47', 'numerical_48', 'numerical_49', 'numerical_50', 'numerical_51', 'numerical_52', 'numerical_53', 'numerical_54', 'numerical_55', 'numerical_56', 'numerical_57', 'numerical_58', 'numerical_59', 'numerical_60', 'numerical_61', 'numerical_62', 'numerical_63'], 'active': True, 'dtype': 'float', 'type': 'numeric'}]",
    "feature_config": "None",
    "feature_specs": "None",
    "group_id": "None",
    "hidden_activations": "relu",
    "label_col": "[{'name': 'click', 'dtype': 'float'}, {'name': 'conversion', 'dtype': 'float'}]",
    "learning_rate": "0.001",
    "loss": "['binary_crossentropy', 'binary_crossentropy']",
    "metrics": "['logloss', 'AUC']",
    "min_categr_count": "1",
    "model": "SharedBottom",
    "model_id": "SharedBottom",
    "model_root": "./checkpoints/",
    "monitor": "AUC",
    "monitor_mode": "max",
    "net_dropout": "0",
    "net_regularizer": "0",
    "num_tasks": "2",
    "num_workers": "3",
    "optimizer": "adam",
    "pickle_feature_encoder": "True",
    "save_best_only": "True",
    "seed": "2023",
    "shuffle": "True",
    "task": "['binary_classification', 'binary_classification']",
    "test_data": "../data/tiny_mtl/test.csv",
    "tower_hidden_units": "[128, 64]",
    "train_data": "../data/tiny_mtl/train.csv",
    "use_features": "None",
    "valid_data": "../data/tiny_mtl/test.csv",
    "verbose": "1"
}
2024-09-29 11:02:30,669 P3369 INFO Set up feature processor...
2024-09-29 11:02:30,670 P3369 INFO Reading files: ../data/tiny_mtl/train.csv
2024-09-29 11:02:30,671 P3369 INFO Preprocess feature columns...
2024-09-29 11:02:30,740 P3369 INFO Fit feature processor...
2024-09-29 11:02:30,740 P3369 INFO Processing column: {'name': 'categorical_1', 'active': True, 'dtype': 'str', 'type': 'categorical'}
2024-09-29 11:02:37,169 P3369 INFO Processing column: {'name': 'categorical_2', 'active': True, 'dtype': 'str', 'type': 'categorical'}
2024-09-29 11:02:42,746 P3369 INFO Processing column: {'name': 'categorical_3', 'active': True, 'dtype': 'str', 'type': 'categorical'}
2024-09-29 11:02:48,200 P3369 INFO Processing column: {'name': 'categorical_4', 'active': True, 'dtype': 'str', 'type': 'categorical'}
2024-09-29 11:02:53,667 P3369 INFO Processing column: {'name': 'categorical_5', 'active': True, 'dtype': 'str', 'type': 'categorical'}
2024-09-29 11:02:59,046 P3369 INFO Processing column: {'name': 'categorical_6', 'active': True, 'dtype': 'str', 'type': 'categorical'}
2024-09-29 11:03:07,473 P3369 INFO Processing column: {'name': 'categorical_7', 'active': True, 'dtype': 'str', 'type': 'categorical'}
2024-09-29 11:03:13,967 P3369 INFO Processing column: {'name': 'categorical_8', 'active': True, 'dtype': 'str', 'type': 'categorical'}
2024-09-29 11:03:19,326 P3369 INFO Processing column: {'name': 'categorical_9', 'active': True, 'dtype': 'str', 'type': 'categorical'}
2024-09-29 11:03:24,830 P3369 INFO Processing column: {'name': 'categorical_10', 'active': True, 'dtype': 'str', 'type': 'categorical'}
2024-09-29 11:03:30,236 P3369 INFO Processing column: {'name': 'categorical_11', 'active': True, 'dtype': 'str', 'type': 'categorical'}
2024-09-29 11:03:35,728 P3369 INFO Processing column: {'name': 'categorical_12', 'active': True, 'dtype': 'str', 'type': 'categorical'}
2024-09-29 11:03:41,441 P3369 INFO Processing column: {'name': 'categorical_13', 'active': True, 'dtype': 'str', 'type': 'categorical'}
2024-09-29 11:03:47,024 P3369 INFO Processing column: {'name': 'categorical_14', 'active': True, 'dtype': 'str', 'type': 'categorical'}
2024-09-29 11:03:52,724 P3369 INFO Processing column: {'name': 'categorical_15', 'active': True, 'dtype': 'str', 'type': 'categorical'}
2024-09-29 11:03:58,562 P3369 INFO Processing column: {'name': 'categorical_16', 'active': True, 'dtype': 'str', 'type': 'categorical'}
2024-09-29 11:04:04,690 P3369 INFO Processing column: {'name': 'numerical_1', 'active': True, 'dtype': 'float', 'type': 'numeric'}
2024-09-29 11:04:04,711 P3369 INFO Processing column: {'name': 'numerical_2', 'active': True, 'dtype': 'float', 'type': 'numeric'}
2024-09-29 11:04:04,718 P3369 INFO Processing column: {'name': 'numerical_3', 'active': True, 'dtype': 'float', 'type': 'numeric'}
2024-09-29 11:04:04,722 P3369 INFO Processing column: {'name': 'numerical_4', 'active': True, 'dtype': 'float', 'type': 'numeric'}
2024-09-29 11:04:04,725 P3369 INFO Processing column: {'name': 'numerical_5', 'active': True, 'dtype': 'float', 'type': 'numeric'}
2024-09-29 11:04:04,728 P3369 INFO Processing column: {'name': 'numerical_6', 'active': True, 'dtype': 'float', 'type': 'numeric'}
2024-09-29 11:04:04,731 P3369 INFO Processing column: {'name': 'numerical_7', 'active': True, 'dtype': 'float', 'type': 'numeric'}
2024-09-29 11:04:04,735 P3369 INFO Processing column: {'name': 'numerical_8', 'active': True, 'dtype': 'float', 'type': 'numeric'}
2024-09-29 11:04:04,738 P3369 INFO Processing column: {'name': 'numerical_9', 'active': True, 'dtype': 'float', 'type': 'numeric'}
2024-09-29 11:04:04,741 P3369 INFO Processing column: {'name': 'numerical_10', 'active': True, 'dtype': 'float', 'type': 'numeric'}
2024-09-29 11:04:04,745 P3369 INFO Processing column: {'name': 'numerical_11', 'active': True, 'dtype': 'float', 'type': 'numeric'}
2024-09-29 11:04:04,748 P3369 INFO Processing column: {'name': 'numerical_12', 'active': True, 'dtype': 'float', 'type': 'numeric'}
2024-09-29 11:04:04,751 P3369 INFO Processing column: {'name': 'numerical_13', 'active': True, 'dtype': 'float', 'type': 'numeric'}
2024-09-29 11:04:04,754 P3369 INFO Processing column: {'name': 'numerical_14', 'active': True, 'dtype': 'float', 'type': 'numeric'}
2024-09-29 11:04:04,757 P3369 INFO Processing column: {'name': 'numerical_15', 'active': True, 'dtype': 'float', 'type': 'numeric'}
2024-09-29 11:04:04,763 P3369 INFO Processing column: {'name': 'numerical_16', 'active': True, 'dtype': 'float', 'type': 'numeric'}
2024-09-29 11:04:04,766 P3369 INFO Processing column: {'name': 'numerical_17', 'active': True, 'dtype': 'float', 'type': 'numeric'}
2024-09-29 11:04:04,769 P3369 INFO Processing column: {'name': 'numerical_18', 'active': True, 'dtype': 'float', 'type': 'numeric'}
2024-09-29 11:04:04,774 P3369 INFO Processing column: {'name': 'numerical_19', 'active': True, 'dtype': 'float', 'type': 'numeric'}
2024-09-29 11:04:04,778 P3369 INFO Processing column: {'name': 'numerical_20', 'active': True, 'dtype': 'float', 'type': 'numeric'}
2024-09-29 11:04:04,781 P3369 INFO Processing column: {'name': 'numerical_21', 'active': True, 'dtype': 'float', 'type': 'numeric'}
2024-09-29 11:04:04,786 P3369 INFO Processing column: {'name': 'numerical_22', 'active': True, 'dtype': 'float', 'type': 'numeric'}
2024-09-29 11:04:04,789 P3369 INFO Processing column: {'name': 'numerical_23', 'active': True, 'dtype': 'float', 'type': 'numeric'}
2024-09-29 11:04:04,792 P3369 INFO Processing column: {'name': 'numerical_24', 'active': True, 'dtype': 'float', 'type': 'numeric'}
2024-09-29 11:04:04,796 P3369 INFO Processing column: {'name': 'numerical_25', 'active': True, 'dtype': 'float', 'type': 'numeric'}
2024-09-29 11:04:04,800 P3369 INFO Processing column: {'name': 'numerical_26', 'active': True, 'dtype': 'float', 'type': 'numeric'}
2024-09-29 11:04:04,803 P3369 INFO Processing column: {'name': 'numerical_27', 'active': True, 'dtype': 'float', 'type': 'numeric'}
2024-09-29 11:04:04,806 P3369 INFO Processing column: {'name': 'numerical_28', 'active': True, 'dtype': 'float', 'type': 'numeric'}
2024-09-29 11:04:04,809 P3369 INFO Processing column: {'name': 'numerical_29', 'active': True, 'dtype': 'float', 'type': 'numeric'}
2024-09-29 11:04:04,812 P3369 INFO Processing column: {'name': 'numerical_30', 'active': True, 'dtype': 'float', 'type': 'numeric'}
2024-09-29 11:04:04,815 P3369 INFO Processing column: {'name': 'numerical_31', 'active': True, 'dtype': 'float', 'type': 'numeric'}
2024-09-29 11:04:04,818 P3369 INFO Processing column: {'name': 'numerical_32', 'active': True, 'dtype': 'float', 'type': 'numeric'}
2024-09-29 11:04:04,821 P3369 INFO Processing column: {'name': 'numerical_33', 'active': True, 'dtype': 'float', 'type': 'numeric'}
2024-09-29 11:04:04,824 P3369 INFO Processing column: {'name': 'numerical_34', 'active': True, 'dtype': 'float', 'type': 'numeric'}
2024-09-29 11:04:04,826 P3369 INFO Processing column: {'name': 'numerical_35', 'active': True, 'dtype': 'float', 'type': 'numeric'}
2024-09-29 11:04:04,829 P3369 INFO Processing column: {'name': 'numerical_36', 'active': True, 'dtype': 'float', 'type': 'numeric'}
2024-09-29 11:04:04,832 P3369 INFO Processing column: {'name': 'numerical_37', 'active': True, 'dtype': 'float', 'type': 'numeric'}
2024-09-29 11:04:04,835 P3369 INFO Processing column: {'name': 'numerical_38', 'active': True, 'dtype': 'float', 'type': 'numeric'}
2024-09-29 11:04:04,841 P3369 INFO Processing column: {'name': 'numerical_39', 'active': True, 'dtype': 'float', 'type': 'numeric'}
2024-09-29 11:04:04,844 P3369 INFO Processing column: {'name': 'numerical_40', 'active': True, 'dtype': 'float', 'type': 'numeric'}
2024-09-29 11:04:04,847 P3369 INFO Processing column: {'name': 'numerical_41', 'active': True, 'dtype': 'float', 'type': 'numeric'}
2024-09-29 11:04:04,852 P3369 INFO Processing column: {'name': 'numerical_42', 'active': True, 'dtype': 'float', 'type': 'numeric'}
2024-09-29 11:04:04,855 P3369 INFO Processing column: {'name': 'numerical_43', 'active': True, 'dtype': 'float', 'type': 'numeric'}
2024-09-29 11:04:04,858 P3369 INFO Processing column: {'name': 'numerical_44', 'active': True, 'dtype': 'float', 'type': 'numeric'}
2024-09-29 11:04:04,861 P3369 INFO Processing column: {'name': 'numerical_45', 'active': True, 'dtype': 'float', 'type': 'numeric'}
2024-09-29 11:04:04,864 P3369 INFO Processing column: {'name': 'numerical_46', 'active': True, 'dtype': 'float', 'type': 'numeric'}
2024-09-29 11:04:04,867 P3369 INFO Processing column: {'name': 'numerical_47', 'active': True, 'dtype': 'float', 'type': 'numeric'}
2024-09-29 11:04:04,870 P3369 INFO Processing column: {'name': 'numerical_48', 'active': True, 'dtype': 'float', 'type': 'numeric'}
2024-09-29 11:04:04,873 P3369 INFO Processing column: {'name': 'numerical_49', 'active': True, 'dtype': 'float', 'type': 'numeric'}
2024-09-29 11:04:04,876 P3369 INFO Processing column: {'name': 'numerical_50', 'active': True, 'dtype': 'float', 'type': 'numeric'}
2024-09-29 11:04:04,879 P3369 INFO Processing column: {'name': 'numerical_51', 'active': True, 'dtype': 'float', 'type': 'numeric'}
2024-09-29 11:04:04,882 P3369 INFO Processing column: {'name': 'numerical_52', 'active': True, 'dtype': 'float', 'type': 'numeric'}
2024-09-29 11:04:04,886 P3369 INFO Processing column: {'name': 'numerical_53', 'active': True, 'dtype': 'float', 'type': 'numeric'}
2024-09-29 11:04:04,890 P3369 INFO Processing column: {'name': 'numerical_54', 'active': True, 'dtype': 'float', 'type': 'numeric'}
2024-09-29 11:04:04,895 P3369 INFO Processing column: {'name': 'numerical_55', 'active': True, 'dtype': 'float', 'type': 'numeric'}
2024-09-29 11:04:04,898 P3369 INFO Processing column: {'name': 'numerical_56', 'active': True, 'dtype': 'float', 'type': 'numeric'}
2024-09-29 11:04:04,902 P3369 INFO Processing column: {'name': 'numerical_57', 'active': True, 'dtype': 'float', 'type': 'numeric'}
2024-09-29 11:04:04,905 P3369 INFO Processing column: {'name': 'numerical_58', 'active': True, 'dtype': 'float', 'type': 'numeric'}
2024-09-29 11:04:04,908 P3369 INFO Processing column: {'name': 'numerical_59', 'active': True, 'dtype': 'float', 'type': 'numeric'}
2024-09-29 11:04:04,911 P3369 INFO Processing column: {'name': 'numerical_60', 'active': True, 'dtype': 'float', 'type': 'numeric'}
2024-09-29 11:04:04,914 P3369 INFO Processing column: {'name': 'numerical_61', 'active': True, 'dtype': 'float', 'type': 'numeric'}
2024-09-29 11:04:04,918 P3369 INFO Processing column: {'name': 'numerical_62', 'active': True, 'dtype': 'float', 'type': 'numeric'}
2024-09-29 11:04:04,922 P3369 INFO Processing column: {'name': 'numerical_63', 'active': True, 'dtype': 'float', 'type': 'numeric'}
2024-09-29 11:04:04,932 P3369 INFO Set column index...
2024-09-29 11:04:04,934 P3369 INFO Save feature_map to json: ../data/tiny_mtl/feature_map.json
2024-09-29 11:04:04,946 P3369 INFO Pickle feature_encode: ../data/tiny_mtl/feature_processor.pkl
2024-09-29 11:04:04,964 P3369 INFO Save feature_vocab to json: ../data/tiny_mtl/feature_vocab.json
2024-09-29 11:04:04,966 P3369 INFO Set feature processor done.
2024-09-29 11:04:05,038 P3369 INFO Transform feature columns to IDs...
2024-09-29 11:04:05,079 P3369 INFO Saving data to parquet: ../data/tiny_mtl/train.parquet
2024-09-29 11:04:05,607 P3369 INFO Reading files: ../data/tiny_mtl/test.csv
2024-09-29 11:04:05,608 P3369 INFO Preprocess feature columns...
2024-09-29 11:04:05,691 P3369 INFO Transform feature columns to IDs...
2024-09-29 11:04:05,709 P3369 INFO Saving data to parquet: ../data/tiny_mtl/valid.parquet
2024-09-29 11:04:05,799 P3369 INFO Reading files: ../data/tiny_mtl/test.csv
2024-09-29 11:04:05,800 P3369 INFO Preprocess feature columns...
2024-09-29 11:04:05,915 P3369 INFO Transform feature columns to IDs...
2024-09-29 11:04:05,935 P3369 INFO Saving data to parquet: ../data/tiny_mtl/test.parquet
2024-09-29 11:04:06,052 P3369 INFO Transform csv data to parquet done.
2024-09-29 11:04:06,052 P3369 INFO Load feature_map from json: ../data/tiny_mtl/feature_map.json
2024-09-29 11:04:06,056 P3369 INFO Set column index...
2024-09-29 11:04:06,057 P3369 INFO Feature specs: {
    "categorical_1": "{'source': '', 'type': 'categorical', 'padding_idx': 0, 'vocab_size': 3}",
    "categorical_10": "{'source': '', 'type': 'categorical', 'padding_idx': 0, 'vocab_size': 4}",
    "categorical_11": "{'source': '', 'type': 'categorical', 'padding_idx': 0, 'vocab_size': 4}",
    "categorical_12": "{'source': '', 'type': 'categorical', 'padding_idx': 0, 'vocab_size': 4}",
    "categorical_13": "{'source': '', 'type': 'categorical', 'padding_idx': 0, 'vocab_size': 4}",
    "categorical_14": "{'source': '', 'type': 'categorical', 'padding_idx': 0, 'vocab_size': 4}",
    "categorical_15": "{'source': '', 'type': 'categorical', 'padding_idx': 0, 'vocab_size': 4}",
    "categorical_16": "{'source': '', 'type': 'categorical', 'padding_idx': 0, 'vocab_size': 4}",
    "categorical_2": "{'source': '', 'type': 'categorical', 'padding_idx': 0, 'vocab_size': 6}",
    "categorical_3": "{'source': '', 'type': 'categorical', 'padding_idx': 0, 'vocab_size': 6}",
    "categorical_4": "{'source': '', 'type': 'categorical', 'padding_idx': 0, 'vocab_size': 4}",
    "categorical_5": "{'source': '', 'type': 'categorical', 'padding_idx': 0, 'vocab_size': 4}",
    "categorical_6": "{'source': '', 'type': 'categorical', 'padding_idx': 0, 'vocab_size': 5}",
    "categorical_7": "{'source': '', 'type': 'categorical', 'padding_idx': 0, 'vocab_size': 22}",
    "categorical_8": "{'source': '', 'type': 'categorical', 'padding_idx': 0, 'vocab_size': 10}",
    "categorical_9": "{'source': '', 'type': 'categorical', 'padding_idx': 0, 'vocab_size': 9}",
    "numerical_1": "{'source': '', 'type': 'numeric'}",
    "numerical_10": "{'source': '', 'type': 'numeric'}",
    "numerical_11": "{'source': '', 'type': 'numeric'}",
    "numerical_12": "{'source': '', 'type': 'numeric'}",
    "numerical_13": "{'source': '', 'type': 'numeric'}",
    "numerical_14": "{'source': '', 'type': 'numeric'}",
    "numerical_15": "{'source': '', 'type': 'numeric'}",
    "numerical_16": "{'source': '', 'type': 'numeric'}",
    "numerical_17": "{'source': '', 'type': 'numeric'}",
    "numerical_18": "{'source': '', 'type': 'numeric'}",
    "numerical_19": "{'source': '', 'type': 'numeric'}",
    "numerical_2": "{'source': '', 'type': 'numeric'}",
    "numerical_20": "{'source': '', 'type': 'numeric'}",
    "numerical_21": "{'source': '', 'type': 'numeric'}",
    "numerical_22": "{'source': '', 'type': 'numeric'}",
    "numerical_23": "{'source': '', 'type': 'numeric'}",
    "numerical_24": "{'source': '', 'type': 'numeric'}",
    "numerical_25": "{'source': '', 'type': 'numeric'}",
    "numerical_26": "{'source': '', 'type': 'numeric'}",
    "numerical_27": "{'source': '', 'type': 'numeric'}",
    "numerical_28": "{'source': '', 'type': 'numeric'}",
    "numerical_29": "{'source': '', 'type': 'numeric'}",
    "numerical_3": "{'source': '', 'type': 'numeric'}",
    "numerical_30": "{'source': '', 'type': 'numeric'}",
    "numerical_31": "{'source': '', 'type': 'numeric'}",
    "numerical_32": "{'source': '', 'type': 'numeric'}",
    "numerical_33": "{'source': '', 'type': 'numeric'}",
    "numerical_34": "{'source': '', 'type': 'numeric'}",
    "numerical_35": "{'source': '', 'type': 'numeric'}",
    "numerical_36": "{'source': '', 'type': 'numeric'}",
    "numerical_37": "{'source': '', 'type': 'numeric'}",
    "numerical_38": "{'source': '', 'type': 'numeric'}",
    "numerical_39": "{'source': '', 'type': 'numeric'}",
    "numerical_4": "{'source': '', 'type': 'numeric'}",
    "numerical_40": "{'source': '', 'type': 'numeric'}",
    "numerical_41": "{'source': '', 'type': 'numeric'}",
    "numerical_42": "{'source': '', 'type': 'numeric'}",
    "numerical_43": "{'source': '', 'type': 'numeric'}",
    "numerical_44": "{'source': '', 'type': 'numeric'}",
    "numerical_45": "{'source': '', 'type': 'numeric'}",
    "numerical_46": "{'source': '', 'type': 'numeric'}",
    "numerical_47": "{'source': '', 'type': 'numeric'}",
    "numerical_48": "{'source': '', 'type': 'numeric'}",
    "numerical_49": "{'source': '', 'type': 'numeric'}",
    "numerical_5": "{'source': '', 'type': 'numeric'}",
    "numerical_50": "{'source': '', 'type': 'numeric'}",
    "numerical_51": "{'source': '', 'type': 'numeric'}",
    "numerical_52": "{'source': '', 'type': 'numeric'}",
    "numerical_53": "{'source': '', 'type': 'numeric'}",
    "numerical_54": "{'source': '', 'type': 'numeric'}",
    "numerical_55": "{'source': '', 'type': 'numeric'}",
    "numerical_56": "{'source': '', 'type': 'numeric'}",
    "numerical_57": "{'source': '', 'type': 'numeric'}",
    "numerical_58": "{'source': '', 'type': 'numeric'}",
    "numerical_59": "{'source': '', 'type': 'numeric'}",
    "numerical_6": "{'source': '', 'type': 'numeric'}",
    "numerical_60": "{'source': '', 'type': 'numeric'}",
    "numerical_61": "{'source': '', 'type': 'numeric'}",
    "numerical_62": "{'source': '', 'type': 'numeric'}",
    "numerical_63": "{'source': '', 'type': 'numeric'}",
    "numerical_7": "{'source': '', 'type': 'numeric'}",
    "numerical_8": "{'source': '', 'type': 'numeric'}",
    "numerical_9": "{'source': '', 'type': 'numeric'}"
}
2024-09-29 11:04:06,057 P3369 INFO Loading datasets...
2024-09-29 11:04:06,099 P3369 INFO Train samples: total/1000, blocks/1
2024-09-29 11:04:06,106 P3369 INFO Validation samples: total/1000, blocks/1
2024-09-29 11:04:06,107 P3369 INFO Loading train and validation data done.
2024-09-29 11:04:08,038 P3369 INFO Start training: 8 batches/epoch
2024-09-29 11:04:08,039 P3369 INFO ************ Epoch=1 start ************
