2024-09-28 10:55:07,623 P90727 INFO FuxiCTR version: 2.3.2
2024-09-28 10:55:07,624 P90727 INFO Params: {
    "batch_norm": "False",
    "batch_size": "128",
    "data_format": "csv",
    "data_root": "../data/",
    "dataset_id": "Criteo_x1",
    "debug_mode": "False",
    "early_stop_patience": "2",
    "embedding_dim": "4",
    "embedding_regularizer": "1e-08",
    "epochs": "5",
    "eval_steps": "None",
    "feature_cols": "[{'name': ['C1', 'C2', 'C3', 'C4', 'C5', 'C6', 'C7', 'C8', 'C9', 'C10', 'C11', 'C12', 'C13', 'C14', 'C15', 'C16', 'C17', 'C18', 'C19', 'C20', 'C21', 'C22', 'C23', 'C24', 'C25', 'C26'], 'active': True, 'dtype': 'str', 'type': 'categorical'}]",
    "feature_config": "None",
    "feature_specs": "None",
    "group_id": "None",
    "hidden_activations": "relu",
    "hidden_units": "[64, 32]",
    "label_col": "{'name': 'label', 'dtype': 'float'}",
    "learning_rate": "0.0",
    "loss": "binary_crossentropy",
    "metrics": "['logloss', 'AUC']",
    "min_categr_count": "1",
    "model": "DeepFM",
    "model_id": "DeepFM",
    "model_root": "./checkpoints/",
    "monitor": "AUC",
    "monitor_mode": "max",
    "net_dropout": "0",
    "net_regularizer": "0",
    "num_workers": "3",
    "optimizer": "adam",
    "pickle_feature_encoder": "True",
    "residual_blocks": "[64, 64, 64]",
    "save_best_only": "True",
    "seed": "2019",
    "shuffle": "True",
    "task": "binary_classification",
    "test_data": "../data/dataset/test_data.csv",
    "train_data": "../data/dataset/train_data.csv",
    "use_features": "None",
    "valid_data": "../data/dataset/valid_data.csv",
    "verbose": "1"
}
2024-09-28 10:55:07,630 P90727 INFO Set up feature processor...
2024-09-28 10:55:07,631 P90727 WARNING Skip rebuilding ../data/Criteo_x1/feature_map.json. Please delete it manually if rebuilding is required.
2024-09-28 10:55:07,632 P90727 INFO Load feature_map from json: ../data/Criteo_x1/feature_map.json
2024-09-28 10:55:07,632 P90727 INFO Set column index...
2024-09-28 10:55:07,633 P90727 INFO Feature specs: {
    "C1": "{'source': '', 'type': 'categorical', 'padding_idx': 0, 'vocab_size': 41}",
    "C10": "{'source': '', 'type': 'categorical', 'padding_idx': 0, 'vocab_size': 330}",
    "C11": "{'source': '', 'type': 'categorical', 'padding_idx': 0, 'vocab_size': 389}",
    "C12": "{'source': '', 'type': 'categorical', 'padding_idx': 0, 'vocab_size': 262}",
    "C13": "{'source': '', 'type': 'categorical', 'padding_idx': 0, 'vocab_size': 360}",
    "C14": "{'source': '', 'type': 'categorical', 'padding_idx': 0, 'vocab_size': 15}",
    "C15": "{'source': '', 'type': 'categorical', 'padding_idx': 0, 'vocab_size': 349}",
    "C16": "{'source': '', 'type': 'categorical', 'padding_idx': 0, 'vocab_size': 300}",
    "C17": "{'source': '', 'type': 'categorical', 'padding_idx': 0, 'vocab_size': 11}",
    "C18": "{'source': '', 'type': 'categorical', 'padding_idx': 0, 'vocab_size': 251}",
    "C19": "{'source': '', 'type': 'categorical', 'padding_idx': 0, 'vocab_size': 83}",
    "C2": "{'source': '', 'type': 'categorical', 'padding_idx': 0, 'vocab_size': 143}",
    "C20": "{'source': '', 'type': 'categorical', 'padding_idx': 0, 'vocab_size': 6}",
    "C21": "{'source': '', 'type': 'categorical', 'padding_idx': 0, 'vocab_size': 276}",
    "C22": "{'source': '', 'type': 'categorical', 'padding_idx': 0, 'vocab_size': 8}",
    "C23": "{'source': '', 'type': 'categorical', 'padding_idx': 0, 'vocab_size': 13}",
    "C24": "{'source': '', 'type': 'categorical', 'padding_idx': 0, 'vocab_size': 268}",
    "C25": "{'source': '', 'type': 'categorical', 'padding_idx': 0, 'vocab_size': 26}",
    "C26": "{'source': '', 'type': 'categorical', 'padding_idx': 0, 'vocab_size': 192}",
    "C3": "{'source': '', 'type': 'categorical', 'padding_idx': 0, 'vocab_size': 257}",
    "C4": "{'source': '', 'type': 'categorical', 'padding_idx': 0, 'vocab_size': 314}",
    "C5": "{'source': '', 'type': 'categorical', 'padding_idx': 0, 'vocab_size': 18}",
    "C6": "{'source': '', 'type': 'categorical', 'padding_idx': 0, 'vocab_size': 9}",
    "C7": "{'source': '', 'type': 'categorical', 'padding_idx': 0, 'vocab_size': 431}",
    "C8": "{'source': '', 'type': 'categorical', 'padding_idx': 0, 'vocab_size': 24}",
    "C9": "{'source': '', 'type': 'categorical', 'padding_idx': 0, 'vocab_size': 4}"
}
2024-09-28 10:55:07,633 P90727 INFO Loading datasets...
2024-09-28 10:55:07,705 P90727 INFO Train samples: total/559, blocks/1
2024-09-28 10:55:07,709 P90727 INFO Validation samples: total/559, blocks/1
2024-09-28 10:55:07,709 P90727 INFO Loading train and validation data done.
2024-09-28 10:55:09,475 P90727 INFO Start training: 5 batches/epoch
2024-09-28 10:55:09,476 P90727 INFO ************ Epoch=1 start ************
2024-09-28 10:55:16,973 P90727 INFO Train loss: 0.693038
2024-09-28 10:55:16,973 P90727 INFO Evaluation @epoch 1 - batch 5: 
2024-09-28 10:55:29,125 P90727 INFO [Metrics] AUC: 0.497669
2024-09-28 10:55:29,126 P90727 INFO Save best model: monitor(max)=0.497669
2024-09-28 10:55:34,145 P90727 INFO ************ Epoch=1 end ************
2024-09-28 10:55:40,717 P90727 INFO Train loss: 0.693042
2024-09-28 10:55:40,719 P90727 INFO Evaluation @epoch 2 - batch 5: 
2024-09-28 10:55:51,957 P90727 INFO [Metrics] AUC: 0.497669
2024-09-28 10:55:51,959 P90727 INFO Monitor(max)=0.497669 STOP!
2024-09-28 10:55:51,960 P90727 INFO Reduce learning rate on plateau: 0.000001
2024-09-28 10:55:56,964 P90727 INFO ************ Epoch=2 end ************
2024-09-28 10:56:03,079 P90727 INFO Train loss: 0.693019
2024-09-28 10:56:03,079 P90727 INFO Evaluation @epoch 3 - batch 5: 
2024-09-28 10:56:13,906 P90727 INFO [Metrics] AUC: 0.528592
2024-09-28 10:56:13,908 P90727 INFO Save best model: monitor(max)=0.528592
2024-09-28 10:56:18,923 P90727 INFO ************ Epoch=3 end ************
2024-09-28 10:56:26,896 P90727 INFO Train loss: 0.692964
2024-09-28 10:56:26,898 P90727 INFO Evaluation @epoch 4 - batch 5: 
2024-09-28 10:56:38,666 P90727 INFO [Metrics] AUC: 0.557998
2024-09-28 10:56:38,672 P90727 INFO Save best model: monitor(max)=0.557998
2024-09-28 10:56:43,705 P90727 INFO ************ Epoch=4 end ************
2024-09-28 10:56:51,878 P90727 INFO Train loss: 0.692922
2024-09-28 10:56:51,879 P90727 INFO Evaluation @epoch 5 - batch 5: 
2024-09-28 10:57:03,359 P90727 INFO [Metrics] AUC: 0.586333
2024-09-28 10:57:03,360 P90727 INFO Save best model: monitor(max)=0.586333
2024-09-28 10:57:08,372 P90727 INFO ************ Epoch=5 end ************
2024-09-28 10:57:08,372 P90727 INFO Training finished.
2024-09-28 10:57:08,373 P90727 INFO Load best model: /Users/yhc/Desktop/FuxiCTR-main/demo/checkpoints/Criteo_x1/DeepFM.model
2024-09-28 10:57:08,389 P90727 INFO ***** Validation evaluation *****
2024-09-28 10:57:19,645 P90727 INFO [Metrics] logloss: 0.692885 - AUC: 0.586333
2024-09-28 10:57:19,646 P90727 INFO ***** Test evaluation *****
2024-09-28 10:57:19,646 P90727 INFO Loading datasets...
2024-09-28 10:57:19,657 P90727 INFO Test samples: total/559, blocks/1
2024-09-28 10:57:19,657 P90727 INFO Loading test data done.
2024-09-28 10:57:31,602 P90727 INFO [Metrics] logloss: 0.692885 - AUC: 0.586333
