2024-09-28 11:18:21,322 P91161 INFO FuxiCTR version: 2.3.2
2024-09-28 11:18:21,323 P91161 INFO Params: {
    "batch_norm": "False",
    "batch_size": "128",
    "data_format": "csv",
    "data_root": "../data/",
    "dataset_id": "Criteo_x1",
    "debug_mode": "False",
    "early_stop_patience": "2",
    "embedding_dim": "4",
    "embedding_regularizer": "1e-08",
    "epochs": "5",
    "eval_steps": "None",
    "feature_cols": "[{'name': ['C1', 'C2', 'C3', 'C4', 'C5', 'C6', 'C7', 'C8', 'C9', 'C10', 'C11', 'C12', 'C13', 'C14', 'C15', 'C16', 'C17', 'C18', 'C19', 'C20', 'C21', 'C22', 'C23', 'C24', 'C25', 'C26'], 'active': True, 'dtype': 'str', 'type': 'categorical'}]",
    "feature_config": "None",
    "feature_specs": "None",
    "group_id": "None",
    "hidden_activations": "relu",
    "hidden_units": "[64, 32]",
    "label_col": "{'name': 'label', 'dtype': 'float'}",
    "learning_rate": "0.0",
    "loss": "binary_crossentropy",
    "metrics": "['logloss', 'AUC']",
    "min_categr_count": "1",
    "model": "NFM",
    "model_id": "NFM",
    "model_root": "./checkpoints/",
    "monitor": "AUC",
    "monitor_mode": "max",
    "net_dropout": "0",
    "net_regularizer": "0",
    "num_workers": "3",
    "optimizer": "adam",
    "pickle_feature_encoder": "True",
    "residual_blocks": "[64, 64, 64]",
    "save_best_only": "True",
    "seed": "2019",
    "shuffle": "True",
    "task": "binary_classification",
    "test_data": "../data/dataset/test_data.csv",
    "train_data": "../data/dataset/train_data.csv",
    "use_features": "None",
    "valid_data": "../data/dataset/valid_data.csv",
    "verbose": "1"
}
2024-09-28 11:18:21,329 P91161 INFO Set up feature processor...
2024-09-28 11:18:21,330 P91161 WARNING Skip rebuilding ../data/Criteo_x1/feature_map.json. Please delete it manually if rebuilding is required.
2024-09-28 11:18:21,330 P91161 INFO Load feature_map from json: ../data/Criteo_x1/feature_map.json
2024-09-28 11:18:21,332 P91161 INFO Set column index...
2024-09-28 11:18:21,333 P91161 INFO Feature specs: {
    "C1": "{'source': '', 'type': 'categorical', 'padding_idx': 0, 'vocab_size': 41}",
    "C10": "{'source': '', 'type': 'categorical', 'padding_idx': 0, 'vocab_size': 330}",
    "C11": "{'source': '', 'type': 'categorical', 'padding_idx': 0, 'vocab_size': 389}",
    "C12": "{'source': '', 'type': 'categorical', 'padding_idx': 0, 'vocab_size': 262}",
    "C13": "{'source': '', 'type': 'categorical', 'padding_idx': 0, 'vocab_size': 360}",
    "C14": "{'source': '', 'type': 'categorical', 'padding_idx': 0, 'vocab_size': 15}",
    "C15": "{'source': '', 'type': 'categorical', 'padding_idx': 0, 'vocab_size': 349}",
    "C16": "{'source': '', 'type': 'categorical', 'padding_idx': 0, 'vocab_size': 300}",
    "C17": "{'source': '', 'type': 'categorical', 'padding_idx': 0, 'vocab_size': 11}",
    "C18": "{'source': '', 'type': 'categorical', 'padding_idx': 0, 'vocab_size': 251}",
    "C19": "{'source': '', 'type': 'categorical', 'padding_idx': 0, 'vocab_size': 83}",
    "C2": "{'source': '', 'type': 'categorical', 'padding_idx': 0, 'vocab_size': 143}",
    "C20": "{'source': '', 'type': 'categorical', 'padding_idx': 0, 'vocab_size': 6}",
    "C21": "{'source': '', 'type': 'categorical', 'padding_idx': 0, 'vocab_size': 276}",
    "C22": "{'source': '', 'type': 'categorical', 'padding_idx': 0, 'vocab_size': 8}",
    "C23": "{'source': '', 'type': 'categorical', 'padding_idx': 0, 'vocab_size': 13}",
    "C24": "{'source': '', 'type': 'categorical', 'padding_idx': 0, 'vocab_size': 268}",
    "C25": "{'source': '', 'type': 'categorical', 'padding_idx': 0, 'vocab_size': 26}",
    "C26": "{'source': '', 'type': 'categorical', 'padding_idx': 0, 'vocab_size': 192}",
    "C3": "{'source': '', 'type': 'categorical', 'padding_idx': 0, 'vocab_size': 257}",
    "C4": "{'source': '', 'type': 'categorical', 'padding_idx': 0, 'vocab_size': 314}",
    "C5": "{'source': '', 'type': 'categorical', 'padding_idx': 0, 'vocab_size': 18}",
    "C6": "{'source': '', 'type': 'categorical', 'padding_idx': 0, 'vocab_size': 9}",
    "C7": "{'source': '', 'type': 'categorical', 'padding_idx': 0, 'vocab_size': 431}",
    "C8": "{'source': '', 'type': 'categorical', 'padding_idx': 0, 'vocab_size': 24}",
    "C9": "{'source': '', 'type': 'categorical', 'padding_idx': 0, 'vocab_size': 4}"
}
2024-09-28 11:18:21,333 P91161 INFO Loading datasets...
2024-09-28 11:18:21,396 P91161 INFO Train samples: total/559, blocks/1
2024-09-28 11:18:21,399 P91161 INFO Validation samples: total/559, blocks/1
2024-09-28 11:18:21,399 P91161 INFO Loading train and validation data done.
2024-09-28 11:18:23,203 P91161 INFO Start training: 5 batches/epoch
2024-09-28 11:18:23,204 P91161 INFO ************ Epoch=1 start ************
2024-09-28 11:18:30,659 P91161 INFO Train loss: 0.693026
2024-09-28 11:18:30,659 P91161 INFO Evaluation @epoch 1 - batch 5: 
2024-09-28 11:18:45,481 P91161 INFO [Metrics] AUC: 0.501310
2024-09-28 11:18:45,482 P91161 INFO Save best model: monitor(max)=0.501310
2024-09-28 11:18:50,503 P91161 INFO ************ Epoch=1 end ************
2024-09-28 11:18:58,311 P91161 INFO Train loss: 0.693016
2024-09-28 11:18:58,311 P91161 INFO Evaluation @epoch 2 - batch 5: 
2024-09-28 11:19:10,839 P91161 INFO [Metrics] AUC: 0.501310
2024-09-28 11:19:10,840 P91161 INFO Monitor(max)=0.501310 STOP!
2024-09-28 11:19:10,840 P91161 INFO Reduce learning rate on plateau: 0.000001
2024-09-28 11:19:15,845 P91161 INFO ************ Epoch=2 end ************
2024-09-28 11:19:22,519 P91161 INFO Train loss: 0.693002
2024-09-28 11:19:22,519 P91161 INFO Evaluation @epoch 3 - batch 5: 
2024-09-28 11:19:34,100 P91161 INFO [Metrics] AUC: 0.526509
2024-09-28 11:19:34,103 P91161 INFO Save best model: monitor(max)=0.526509
2024-09-28 11:19:39,125 P91161 INFO ************ Epoch=3 end ************
2024-09-28 11:19:46,285 P91161 INFO Train loss: 0.692965
2024-09-28 11:19:46,286 P91161 INFO Evaluation @epoch 4 - batch 5: 
2024-09-28 11:19:58,740 P91161 INFO [Metrics] AUC: 0.551857
2024-09-28 11:19:58,741 P91161 INFO Save best model: monitor(max)=0.551857
2024-09-28 11:20:03,752 P91161 INFO ************ Epoch=4 end ************
2024-09-28 11:20:10,926 P91161 INFO Train loss: 0.692900
2024-09-28 11:20:10,927 P91161 INFO Evaluation @epoch 5 - batch 5: 
2024-09-28 11:20:22,902 P91161 INFO [Metrics] AUC: 0.576680
2024-09-28 11:20:22,904 P91161 INFO Save best model: monitor(max)=0.576680
2024-09-28 11:20:27,919 P91161 INFO ************ Epoch=5 end ************
2024-09-28 11:20:27,920 P91161 INFO Training finished.
2024-09-28 11:20:27,920 P91161 INFO Load best model: /Users/yhc/Desktop/FuxiCTR-main/demo/checkpoints/Criteo_x1/NFM.model
2024-09-28 11:20:27,934 P91161 INFO ***** Validation evaluation *****
2024-09-28 11:20:40,677 P91161 INFO [Metrics] logloss: 0.692885 - AUC: 0.576680
2024-09-28 11:20:40,678 P91161 INFO ***** Test evaluation *****
2024-09-28 11:20:40,678 P91161 INFO Loading datasets...
2024-09-28 11:20:40,688 P91161 INFO Test samples: total/559, blocks/1
2024-09-28 11:20:40,688 P91161 INFO Loading test data done.
2024-09-28 11:20:53,207 P91161 INFO [Metrics] logloss: 0.692885 - AUC: 0.576680
